=============== Task 1 ===============

Run Serial Program
Seed = 12344. RAND_MAX = 2147483647.
N0 = 2371661, N1 = 753339
area = 1.506678
runtime = 75.847589

=============== Task 2 ===============

Run Program for Threads 1-10
threads = 1
Seed = 12344. RAND_MAX = 2147483647.
N0 = 2371661, N1 = 753339
area = 1.506678
runtime = 75.888892
threads = 2
Seed = 12344. RAND_MAX = 2147483647.
N0 = 2371645, N1 = 753355
area = 1.506710
runtime = 64.807893
threads = 4
Seed = 12344. RAND_MAX = 2147483647.
N0 = 2371651, N1 = 753349
area = 1.506698
runtime = 34.597726
threads = 8
Seed = 12344. RAND_MAX = 2147483647.
N0 = 2371660, N1 = 753340
area = 1.506680
runtime = 21.203019
threads = 10
Seed = 12344. RAND_MAX = 2147483647.
N0 = 2371615, N1 = 753385
area = 1.506770
runtime = 19.394317

Use Schedule Option
threads = 2
Seed = 12344. RAND_MAX = 2147483647.
N0 = 2371617, N1 = 753383
area = 1.506766
runtime = 38.006754
threads = 4
area = 1.506760, runtime = 18.995100
threads = 8
area = 1.506654, runtime = 9.507925
threads = 10
area = 1.506846, runtime = 7.603198
