/home/fas/cpsc424/hs746/cs524/Homework3
c03n01
4
rm -f serial task2 task3 task4 *.o
mpicc -g -O3 -xHost -fno-alias -std=c99 -I/home/fas/cpsc424/ahs3/utils/timing -c task4.c
mpicc   task4.o /home/fas/cpsc424/ahs3/utils/timing/timing.o   -o task4
Matrix multiplication times:
   N      TIME (secs)    F-norm of Error
 -----   -------------  -----------------
rank = 2 process cost 0.039885s for N = 1000
rank = 1 process cost 0.042052s for N = 1000
rank = 3 process cost 0.043360s for N = 1000
   1000       0.0562     0.0000000000
rank = 2 process cost 0.298489s for N = 2000
rank = 1 process cost 0.313816s for N = 2000
rank = 3 process cost 0.319414s for N = 2000
   2000       0.4139     0.0000000000
rank = 1 process cost 3.747160s for N = 4000
rank = 3 process cost 4.177222s for N = 4000
rank = 2 process cost 5.037886s for N = 4000
   4000       5.1214     0.0000000000
rank = 2 process cost 34.654984s for N = 8000
rank = 3 process cost 36.084299s for N = 8000
rank = 1 process cost 41.651121s for N = 8000
   8000      44.7047     0.0000000000

real	0m53.256s
user	3m20.434s
sys	0m1.599s
