/home/fas/cpsc424/hs746/cs524/Homework3
c23n02
8
rm -f serial task2 task3 task4 *.o
mpicc -g -O3 -xHost -fno-alias -std=c99 -I/home/fas/cpsc424/ahs3/utils/timing -c task4.c
mpicc   task4.o /home/fas/cpsc424/ahs3/utils/timing/timing.o   -o task4
Matrix multiplication times:
 RANK   COMP-TIME (secs)   COMM-TIME (secs)   TIME (secs)
 -----   -----------------   -----------------   -------------
N = 8000
      2      21.5686       1.5351      23.1037
      3      20.1986       2.9246      23.1232
      4      19.0373       4.1035      23.1408
      5      17.7763       5.3798      23.1562
      7      15.8706       8.1904      24.0610
      6      16.4195       7.6552      24.0747
      1      23.0700       1.0335      24.1035
      0      22.7343       1.3693      24.1036
F-norm of Error:    0.0000000014
Total Runtime:   24.1036

real	0m27.663s
user	3m20.657s
sys	0m2.195s
