/home/fas/cpsc424/hs746/cs524/Homework3
c03n02
1
rm -f serial task2 task3 task4 *.o
mpicc -g -O3 -xHost -fno-alias -std=c99 -I/home/fas/cpsc424/ahs3/utils/timing -c task3.c
mpicc   task3.o /home/fas/cpsc424/ahs3/utils/timing/timing.o   -o task3
Matrix multiplication times:
 RANK   COMP-TIME (secs)   COMM-TIME (secs)   TIME (secs)
 -----   -----------------   -----------------   -------------
N = 1000
      0       0.1533       0.0004       0.1537
F-norm of Error:    0.0000000000
Total Runtime:    0.1537
N = 2000
      0       1.2285       0.0004       1.2289
F-norm of Error:    0.0000000000
Total Runtime:    1.2289
N = 4000
      0      14.7843       0.0005      14.7848
F-norm of Error:    0.0000000000
Total Runtime:   14.7848
N = 8000
      0     120.1987       0.0005     120.1992
F-norm of Error:    0.0000000000
Total Runtime:  120.1992

real	2m19.241s
user	2m18.514s
sys	0m0.652s
