/home/fas/cpsc424/hs746/cs524/Homework3
c03n01
1
rm -f serial task2 task3 task4 *.o
mpicc -g -O3 -xHost -fno-alias -std=c99 -I/home/fas/cpsc424/ahs3/utils/timing -c task2.c
mpicc   task2.o /home/fas/cpsc424/ahs3/utils/timing/timing.o   -o task2
Matrix multiplication times:
 RANK   COMP-TIME (secs)   COMM-TIME (secs)   TIME (secs)
 -----   -----------------   -----------------   -------------
N = 1000
      0       0.1546       0.0005       0.1551
F-norm of Error:    0.0000000000
Total Runtime:    0.1551
N = 2000
      0       1.4120       0.0006       1.4126
F-norm of Error:    0.0000000000
Total Runtime:    1.4126
N = 4000
      0      15.5816       0.0008      15.5824
F-norm of Error:    0.0000000000
Total Runtime:   15.5824
N = 8000
      0     122.8587       0.0018     122.8605
F-norm of Error:    0.0000000000
Total Runtime:  122.8605

real	2m22.927s
user	2m21.882s
sys	0m0.966s
