/home/fas/cpsc424/hs746/cs524/Homework3
c24n01,c25n[03,08],c27n06
2
rm -f serial task2 task3 task4 *.o
mpicc -g -O3 -xHost -fno-alias -std=c99 -I/home/fas/cpsc424/ahs3/utils/timing -c task3.c
mpicc   task3.o /home/fas/cpsc424/ahs3/utils/timing/timing.o   -o task3
Matrix multiplication times:
 RANK   COMP-TIME (secs)   COMM-TIME (secs)   TIME (secs)
 -----   -----------------   -----------------   -------------
N = 8000
      1       3.2310      16.5520      19.7830
      7      20.0448       0.3049      20.3497
      2      12.8985       8.6203      21.5188
      3      15.5608       9.7486      25.3094
      4      14.2588      11.4483      25.7071
      5      17.3967       9.7923      27.1890
      6      24.9794       2.2444      27.2238
      0       1.3103      25.9016      27.2120
F-norm of Error:    0.0000000014
Total Runtime:   27.2120

real	0m30.229s
user	0m49.999s
sys	0m0.933s
