/home/fas/cpsc424/hs746/cs524/Homework3
c24n01,c25n[03-05]
2
rm -f serial task2 task3 task4 *.o
mpicc -g -O3 -xHost -fno-alias -std=c99 -I/home/fas/cpsc424/ahs3/utils/timing -c task2.c
mpicc   task2.o /home/fas/cpsc424/ahs3/utils/timing/timing.o   -o task2
Matrix multiplication times:
 RANK   COMP-TIME (secs)   COMM-TIME (secs)   TIME (secs)
 -----   -----------------   -----------------   -------------
N = 8000
      1       3.2300      22.4993      25.7293
      2      10.4446      15.3055      25.7501
      3      14.5771      12.2376      26.8147
      4      20.9660       8.4720      29.4380
      5      25.1059       5.5226      30.6285
      6      20.2531      10.3831      30.6361
      7      18.2438      12.4363      30.6801
      0       1.2585      29.3916      30.6501
F-norm of Error:    0.0000000014
Total Runtime:   30.6501

real	0m33.801s
user	0m59.335s
sys	0m0.850s
