/home/fas/cpsc424/hs746/cs524/Homework3
c23n01
8
rm -f serial task2 task3 task4 *.o
mpicc -g -O3 -xHost -fno-alias -std=c99 -I/home/fas/cpsc424/ahs3/utils/timing -c task3.c
mpicc   task3.o /home/fas/cpsc424/ahs3/utils/timing/timing.o   -o task3
Matrix multiplication times:
 RANK   COMP-TIME (secs)   COMM-TIME (secs)   TIME (secs)
 -----   -----------------   -----------------   -------------
N = 1000
      1       0.0073       0.0124       0.0197
      2       0.0117       0.0081       0.0198
      3       0.0141       0.0064       0.0205
      7       0.0178       0.0037       0.0215
      4       0.0156       0.0061       0.0217
      5       0.0172       0.0063       0.0235
      6       0.0178       0.0058       0.0236
      0       0.0036       0.0200       0.0236
F-norm of Error:    0.0000000000
Total Runtime:    0.0236
N = 2000
      1       0.0575       0.0877       0.1452
      2       0.0837       0.0631       0.1468
      3       0.1037       0.0448       0.1485
      7       0.1431       0.0107       0.1538
      4       0.1203       0.0431       0.1634
      6       0.1425       0.0394       0.1819
      5       0.1324       0.0540       0.1864
      0       0.0253       0.1611       0.1864
F-norm of Error:    0.0000000001
Total Runtime:    0.1864
N = 4000
      1       0.4208       1.0360       1.4568
      2       0.6326       0.8302       1.4628
      3       0.8049       0.6650       1.4699
      7       1.4861       0.0408       1.5270
      4       1.0613       0.5825       1.6438
      6       1.3791       0.4202       1.7993
      5       1.1937       0.6675       1.8613
      0       0.1782       1.6831       1.8613
F-norm of Error:    0.0000000003
Total Runtime:    1.8613
N = 8000
      1       3.4198      18.9657      22.3856
      2      12.7303       9.6824      22.4127
      3      10.2587      12.1827      22.4414
      7      22.8032       0.1469      22.9500
      4      19.6628       6.1173      25.7801
      6      23.0689       4.4735      27.5423
      5      16.2091      12.0200      28.2291
      0       1.2746      26.9546      28.2292
F-norm of Error:    0.0000000014
Total Runtime:   28.2292

real	0m33.672s
user	3m53.301s
sys	0m2.599s
