/home/fas/cpsc424/hs746/cs524/Homework3
c07n11,c08n06
4
rm -f serial task2 task3 task4 *.o
mpicc -g -O3 -xHost -fno-alias -std=c99 -I/home/fas/cpsc424/ahs3/utils/timing -c task4.c
mpicc   task4.o /home/fas/cpsc424/ahs3/utils/timing/timing.o   -o task4
Matrix multiplication times:
 RANK   COMP-TIME (secs)   COMM-TIME (secs)   TIME (secs)
 -----   -----------------   -----------------   -------------
N = 8000
      1      18.4578       3.5405      21.9982
      3      16.1925       5.8258      22.0183
      2      20.3005       3.1917      23.4922
      4      16.3997       7.0890      23.4886
      6      14.8266       8.6738      23.5005
      5      14.3814       9.1213      23.5027
      7      12.7674      10.7407      23.5081
      0      23.0210       0.4731      23.4940
F-norm of Error:    0.0000000000
Total Runtime:   23.4940

real	0m26.282s
user	1m37.599s
sys	0m1.149s
