/home/fas/cpsc424/hs746/cs524/Homework3
c08n[05-06]
4
rm -f serial task2 task3 task4 *.o
mpicc -g -O3 -xHost -fno-alias -std=c99 -I/home/fas/cpsc424/ahs3/utils/timing -c task2.c
mpicc   task2.o /home/fas/cpsc424/ahs3/utils/timing/timing.o   -o task2
Matrix multiplication times:
 RANK   COMP-TIME (secs)   COMM-TIME (secs)   TIME (secs)
 -----   -----------------   -----------------   -------------
N = 8000
      1       6.3072      21.0586      27.3658
      2       9.5915      17.7958      27.3873
      3      15.2136      13.7894      29.0030
      4      19.0850      11.5763      30.6613
      5      21.7554       9.3781      31.1335
      6      22.4526       9.6888      32.1414
      7      23.3918       8.7774      32.1692
      0       1.7755      30.3798      32.1553
F-norm of Error:    0.0000000000
Total Runtime:   32.1553

real	0m34.913s
user	2m2.689s
sys	0m1.090s
